<?xml version="1.0" encoding="UTF-8"?>
<!-- Generated by org.testng.reporters.JUnitXMLReporter -->
<testsuite ignored="0" hostname="LAPTOP-FTB5O95O" failures="4" tests="5" name="Demo Script" time="7.002" errors="0" timestamp="2024-05-27T12:07:53 IST">
  <testcase classname="org.demo.tests.Test_Emp" name="TC_001_CreateEmp_POST_Request" time="1.817">
    <failure type="org.demo.exceptions.FrameworkException" message="Error executing HTTP request: Don&amp;apos;t know how to encode {
  &amp;quot;name&amp;quot;: &amp;quot;Vignesh&amp;quot;,
  &amp;quot;salary&amp;quot;: &amp;quot;123&amp;quot;,
  &amp;quot;age&amp;quot;: &amp;quot;23&amp;quot;
} as a byte stream.

Please use EncoderConfig (EncoderConfig#encodeContentTypeAs) to specify how to serialize data for this content-type.
For example: &amp;quot;given().config(RestAssured.config().encoderConfig(encoderConfig().encodeContentTypeAs(&amp;quot;&amp;quot;, ContentType.TEXT))). ..&amp;quot;">
      <![CDATA[org.demo.exceptions.FrameworkException: Error executing HTTP request: Don't know how to encode {
  "name": "Vignesh",
  "salary": "123",
  "age": "23"
} as a byte stream.

Please use EncoderConfig (EncoderConfig#encodeContentTypeAs) to specify how to serialize data for this content-type.
For example: "given().config(RestAssured.config().encoderConfig(encoderConfig().encodeContentTypeAs("", ContentType.TEXT))). .."
at org.demo.requestbuilder.RequestBuilder.executeHttpRequest(RequestBuilder.java:187)
at org.demo.requestbuilder.RequestBuilder.requestCall(RequestBuilder.java:213)
at org.demo.tests.Test_Emp.TC_001_CreateEmp_POST_Request(Test_Emp.java:18)
at java.base/java.util.ArrayList.forEach(ArrayList.java:1511)
... Removed 31 stack frames]]>
    </failure>
  </testcase> <!-- TC_001_CreateEmp_POST_Request -->
  <testcase classname="org.demo.tests.Test_Emp" name="TC_002_ReadAllEmp_GET_Request" time="2.16"/>
  <testcase classname="org.demo.tests.Test_Emp" name="TC_003_ReadAnEmp_GET_Request" time="1.235">
    <failure type="java.lang.AssertionError" message="
expected: true
 but was: false">
      <![CDATA[java.lang.AssertionError: 
expected: true
 but was: false
at org.demo.tests.Test_Emp.TC_003_ReadAnEmp_GET_Request(Test_Emp.java:40)
at java.base/java.util.ArrayList.forEach(ArrayList.java:1511)
... Removed 31 stack frames]]>
    </failure>
  </testcase> <!-- TC_003_ReadAnEmp_GET_Request -->
  <testcase classname="org.demo.tests.Test_Emp" name="TC_004_UpdateEmp_PUT_Request" time="0.025">
    <failure type="org.demo.exceptions.FrameworkException" message="Error executing HTTP request: Don&amp;apos;t know how to encode {
  &amp;quot;name&amp;quot;: &amp;quot;Vignesh&amp;quot;,
  &amp;quot;salary&amp;quot;: &amp;quot;45&amp;quot;,
  &amp;quot;age&amp;quot;: &amp;quot;23&amp;quot;
} as a byte stream.

Please use EncoderConfig (EncoderConfig#encodeContentTypeAs) to specify how to serialize data for this content-type.
For example: &amp;quot;given().config(RestAssured.config().encoderConfig(encoderConfig().encodeContentTypeAs(&amp;quot;&amp;quot;, ContentType.TEXT))). ..&amp;quot;">
      <![CDATA[org.demo.exceptions.FrameworkException: Error executing HTTP request: Don't know how to encode {
  "name": "Vignesh",
  "salary": "45",
  "age": "23"
} as a byte stream.

Please use EncoderConfig (EncoderConfig#encodeContentTypeAs) to specify how to serialize data for this content-type.
For example: "given().config(RestAssured.config().encoderConfig(encoderConfig().encodeContentTypeAs("", ContentType.TEXT))). .."
at org.demo.requestbuilder.RequestBuilder.executeHttpRequest(RequestBuilder.java:187)
at org.demo.requestbuilder.RequestBuilder.requestCall(RequestBuilder.java:213)
at org.demo.tests.Test_Emp.TC_004_UpdateEmp_PUT_Request(Test_Emp.java:45)
at java.base/java.util.ArrayList.forEach(ArrayList.java:1511)
... Removed 31 stack frames]]>
    </failure>
  </testcase> <!-- TC_004_UpdateEmp_PUT_Request -->
  <testcase classname="org.demo.tests.Test_Emp" name="TC_005_DeleteEmp_DELETE_Request" time="1.076">
    <failure type="java.lang.AssertionError" message="
expected: true
 but was: false">
      <![CDATA[java.lang.AssertionError: 
expected: true
 but was: false
at org.demo.tests.Test_Emp.TC_005_DeleteEmp_DELETE_Request(Test_Emp.java:56)
at java.base/java.util.ArrayList.forEach(ArrayList.java:1511)
... Removed 31 stack frames]]>
    </failure>
  </testcase> <!-- TC_005_DeleteEmp_DELETE_Request -->
</testsuite> <!-- Demo Script -->
