<?xml version="1.0" encoding="UTF-8"?>
<testsuite xmlns:xsi="http://www.w3.org/2001/XMLSchema-instance" xsi:noNamespaceSchemaLocation="https://maven.apache.org/surefire/maven-surefire-plugin/xsd/surefire-test-report.xsd" name="TestSuite" time="8.669" tests="5" errors="0" skipped="0" failures="4">
  <properties>
[...]
</properties>
  <testcase name="TC_001_CreateEmp_POST_Request" classname="org.demo.tests.Test_Emp" time="1.824">
    <failure message="Error executing HTTP request: Don&apos;t know how to encode {&#10;  &quot;name&quot;: &quot;Vignesh&quot;,&#10;  &quot;salary&quot;: &quot;123&quot;,&#10;  &quot;age&quot;: &quot;23&quot;&#10;} as a byte stream.&#10;&#10;Please use EncoderConfig (EncoderConfig#encodeContentTypeAs) to specify how to serialize data for this content-type.&#10;For example: &quot;given().config(RestAssured.config().encoderConfig(encoderConfig().encodeContentTypeAs(&quot;&quot;, ContentType.TEXT))). ..&quot;" type="org.demo.exceptions.FrameworkException">org.demo.exceptions.FrameworkException: 
Error executing HTTP request: Don't know how to encode {
  "name": "Vignesh",
  "salary": "123",
  "age": "23"
} as a byte stream.

Please use EncoderConfig (EncoderConfig#encodeContentTypeAs) to specify how to serialize data for this content-type.
For example: "given().config(RestAssured.config().encoderConfig(encoderConfig().encodeContentTypeAs("", ContentType.TEXT))). .."
	at org.demo.tests.Test_Emp.TC_001_CreateEmp_POST_Request(Test_Emp.java:18)
</failure>
    <system-out><![CDATA[env name is:dev
2024-05-27 12:07:47,893 main ERROR appender File has no parameter that matches element Policies
]]></system-out>
    <system-err><![CDATA[SLF4J: Failed to load class "org.slf4j.impl.StaticLoggerBinder".
SLF4J: Defaulting to no-operation (NOP) logger implementation
SLF4J: See http://www.slf4j.org/codes.html#StaticLoggerBinder for further details.
]]></system-err>
  </testcase>
  <testcase name="TC_002_ReadAllEmp_GET_Request" classname="org.demo.tests.Test_Emp" time="2.161"/>
  <testcase name="TC_003_ReadAnEmp_GET_Request" classname="org.demo.tests.Test_Emp" time="1.236">
    <failure message="&#10;expected: true&#10; but was: false" type="java.lang.AssertionError">java.lang.AssertionError: 

expected: true
 but was: false
	at org.demo.tests.Test_Emp.TC_003_ReadAnEmp_GET_Request(Test_Emp.java:40)
</failure>
  </testcase>
  <testcase name="TC_004_UpdateEmp_PUT_Request" classname="org.demo.tests.Test_Emp" time="0.026">
    <failure message="Error executing HTTP request: Don&apos;t know how to encode {&#10;  &quot;name&quot;: &quot;Vignesh&quot;,&#10;  &quot;salary&quot;: &quot;45&quot;,&#10;  &quot;age&quot;: &quot;23&quot;&#10;} as a byte stream.&#10;&#10;Please use EncoderConfig (EncoderConfig#encodeContentTypeAs) to specify how to serialize data for this content-type.&#10;For example: &quot;given().config(RestAssured.config().encoderConfig(encoderConfig().encodeContentTypeAs(&quot;&quot;, ContentType.TEXT))). ..&quot;" type="org.demo.exceptions.FrameworkException">org.demo.exceptions.FrameworkException: 
Error executing HTTP request: Don't know how to encode {
  "name": "Vignesh",
  "salary": "45",
  "age": "23"
} as a byte stream.

Please use EncoderConfig (EncoderConfig#encodeContentTypeAs) to specify how to serialize data for this content-type.
For example: "given().config(RestAssured.config().encoderConfig(encoderConfig().encodeContentTypeAs("", ContentType.TEXT))). .."
	at org.demo.tests.Test_Emp.TC_004_UpdateEmp_PUT_Request(Test_Emp.java:45)
</failure>
  </testcase>
  <testcase name="TC_005_DeleteEmp_DELETE_Request" classname="org.demo.tests.Test_Emp" time="1.077">
    <failure message="&#10;expected: true&#10; but was: false" type="java.lang.AssertionError">java.lang.AssertionError: 

expected: true
 but was: false
	at org.demo.tests.Test_Emp.TC_005_DeleteEmp_DELETE_Request(Test_Emp.java:56)
</failure>
  </testcase>
</testsuite>